<?xml version="1.0" encoding="UTF-8" ?>
<testsuite tests="1" failures="0" name="start.zoom.TestApp" time="55.995" errors="1" skipped="0">
  <properties>
    <property name="java.vendor" value="Oracle Corporation"/>
    <property name="JOB_NAME" value="StartZoom"/>
    <property name="sun.java.launcher" value="SUN_STANDARD"/>
    <property name="NUMBER_OF_PROCESSORS" value="4"/>
    <property name="sun.management.compiler" value="HotSpot 64-Bit Tiered Compilers"/>
    <property name="JENKINS_HOME" value="C:\Users\U67122\.jenkins"/>
    <property name="HUDSON_SERVER_COOKIE" value="8d1b50ce196394e3"/>
    <property name="POM_ARTIFACTID" value="start.zoom"/>
    <property name="os.name" value="Windows 10"/>
    <property name="sun.boot.class.path" value="C:\Program Files\Java\jdk1.8.0_144\jre\lib\resources.jar;C:\Program Files\Java\jdk1.8.0_144\jre\lib\rt.jar;C:\Program Files\Java\jdk1.8.0_144\jre\lib\sunrsasign.jar;C:\Program Files\Java\jdk1.8.0_144\jre\lib\jsse.jar;C:\Program Files\Java\jdk1.8.0_144\jre\lib\jce.jar;C:\Program Files\Java\jdk1.8.0_144\jre\lib\charsets.jar;C:\Program Files\Java\jdk1.8.0_144\jre\lib\jfr.jar;C:\Program Files\Java\jdk1.8.0_144\jre\classes"/>
    <property name="EXECUTOR_NUMBER" value="0"/>
    <property name="sun.desktop" value="windows"/>
    <property name="PATHEXT" value=".COM;.EXE;.BAT;.CMD;.VBS;.VBE;.JS;.JSE;.WSF;.WSH;.MSC"/>
    <property name="java.vm.specification.vendor" value="Oracle Corporation"/>
    <property name="POM_DISPLAYNAME" value="start.zoom"/>
    <property name="NODE_LABELS" value="master"/>
    <property name="TEMP" value="C:\Users\U67122\AppData\Local\Temp"/>
    <property name="java.runtime.version" value="1.8.0_144-b01"/>
    <property name="user.name" value="U67122"/>
    <property name="guice.disable.misplaced.annotation.check" value="true"/>
    <property name="CommonProgramW6432" value="C:\Program Files\Common Files"/>
    <property name="ProgramFiles" value="C:\Program Files"/>
    <property name="PROMPT" value="$P$G"/>
    <property name="user.language" value="en"/>
    <property name="JOB_BASE_NAME" value="StartZoom"/>
    <property name="RUN_CHANGES_DISPLAY_URL" value="http://localhost:8080/job/StartZoom/12/display/redirect?page=changes"/>
    <property name="BUILD_DISPLAY_NAME" value="#12"/>
    <property name="OneDrive" value="C:\Users\U67122\OneDrive"/>
    <property name="sun.boot.library.path" value="C:\Program Files\Java\jdk1.8.0_144\jre\bin"/>
    <property name="model" value="9020"/>
    <property name="LOCALAPPDATA" value="C:\Users\U67122\AppData\Local"/>
    <property name="java.version" value="1.8.0_144"/>
    <property name="serial" value="19LP542"/>
    <property name="PROCESSOR_LEVEL" value="6"/>
    <property name="user.timezone" value="Asia/Calcutta"/>
    <property name="USERNAME" value="U67122"/>
    <property name="sun.arch.data.model" value="64"/>
    <property name="NODE_NAME" value="master"/>
    <property name="java.endorsed.dirs" value="C:\Program Files\Java\jdk1.8.0_144\jre\lib\endorsed"/>
    <property name="BUILD_ID" value="12"/>
    <property name="sun.cpu.isalist" value="amd64"/>
    <property name="sun.jnu.encoding" value="Cp1252"/>
    <property name="file.encoding.pkg" value="sun.io"/>
    <property name="file.separator" value="\"/>
    <property name="java.specification.name" value="Java Platform API Specification"/>
    <property name="HOMEDRIVE" value="C:"/>
    <property name="maven.conf" value="C:\Users\U67122\Jenkins\apache-maven-3.6.0\conf"/>
    <property name="java.class.version" value="52.0"/>
    <property name="=::" value="::\"/>
    <property name="org.slf4j.simpleLogger.defaultLogLevel" value="info"/>
    <property name="user.country" value="US"/>
    <property name="ALLUSERSPROFILE" value="C:\ProgramData"/>
    <property name="java.home" value="C:\Program Files\Java\jdk1.8.0_144\jre"/>
    <property name="java.vm.info" value="mixed mode"/>
    <property name="os.version" value="10.0"/>
    <property name="RUN_DISPLAY_URL" value="http://localhost:8080/job/StartZoom/12/display/redirect"/>
    <property name="POM_VERSION" value="0.0.1-SNAPSHOT"/>
    <property name="TMP" value="C:\Users\U67122\AppData\Local\Temp"/>
    <property name="path.separator" value=";"/>
    <property name="java.vm.version" value="25.144-b01"/>
    <property name="user.variant" value=""/>
    <property name="JOB_DISPLAY_URL" value="http://localhost:8080/job/StartZoom/display/redirect"/>
    <property name="CommonProgramFiles(x86)" value="C:\Program Files (x86)\Common Files"/>
    <property name="USERDOMAIN_ROAMINGPROFILE" value="USTR"/>
    <property name="java.awt.printerjob" value="sun.awt.windows.WPrinterJob"/>
    <property name="JAVA_HOME" value="C:\Program Files\Java\jdk1.8.0_144"/>
    <property name="sun.io.unicode.encoding" value="UnicodeLittle"/>
    <property name="CommonProgramFiles" value="C:\Program Files\Common Files"/>
    <property name="ComSpec" value="C:\Windows\system32\cmd.exe"/>
    <property name="awt.toolkit" value="sun.awt.windows.WToolkit"/>
    <property name="HOMEPATH" value="\Users\U67122"/>
    <property name="type" value="Optiplex"/>
    <property name="USERDNSDOMAIN" value="USTR.COM"/>
    <property name="POM_PACKAGING" value="jar"/>
    <property name="user.script" value=""/>
    <property name="COMPUTERNAME" value="C414DMAA"/>
    <property name="snow_agent" value="C:\Program Files\Snow Software\Inventory\Agent"/>
    <property name="POM_GROUPID" value="zoom_start"/>
    <property name="user.home" value="C:\Users\U67122"/>
    <property name="PUBLIC" value="C:\Users\Public"/>
    <property name="BUILD_TAG" value="jenkins-StartZoom-12"/>
    <property name="JENKINS_SERVER_COOKIE" value="8d1b50ce196394e3"/>
    <property name="HUDSON_URL" value="http://localhost:8080/"/>
    <property name="ProgramData" value="C:\ProgramData"/>
    <property name="java.specification.vendor" value="Oracle Corporation"/>
    <property name="USERPROFILE" value="C:\Users\U67122"/>
    <property name="CLASSPATH" value=""/>
    <property name="java.vendor.url" value="http://java.oracle.com/"/>
    <property name="java.library.path" value="C:\Program Files\Java\jdk1.8.0_144\bin;C:\Windows\Sun\Java\bin;C:\Windows\system32;C:\Windows;C:\Users\U67122\Jenkins\apache-maven-3.6.0/bin;C:\Program Files\Java\jdk1.8.0_144/bin;C:\Program Files\Java\jdk1.8.0_144/bin;C:\Program Files\Common Files\Microsoft Shared\Microsoft Online Services;C:\Program Files (x86)\Common Files\Microsoft Shared\Microsoft Online Services;C:\ProgramData\Oracle\Java\javapath;C:\Windows\system32;C:\Windows;C:\Windows\System32\Wbem;C:\Windows\System32\WindowsPowerShell\v1.0\;C:\Program Files (x86)\PuTTY\;C:\Windows\CCM;C:\Users\U67122\AppData\Local\Microsoft\WindowsApps;;."/>
    <property name="java.vm.vendor" value="Oracle Corporation"/>
    <property name="APPDATA" value="C:\Users\U67122\AppData\Roaming"/>
    <property name="java.runtime.name" value="Java(TM) SE Runtime Environment"/>
    <property name="maven.home" value="C:\Users\U67122\Jenkins\apache-maven-3.6.0"/>
    <property name="java.class.path" value="C:\Users\U67122\.jenkins\plugins\maven-plugin\WEB-INF\lib\maven35-agent-1.12.jar;C:\Users\U67122\Jenkins\apache-maven-3.6.0\boot\plexus-classworlds-2.5.2.jar;C:\Users\U67122\Jenkins\apache-maven-3.6.0/conf/logging"/>
    <property name="sun.java.command" value="jenkins.maven3.agent.Maven35Main C:\Users\U67122\Jenkins\apache-maven-3.6.0 C:\Users\U67122\.jenkins\war\WEB-INF\lib\remoting-3.29.jar C:\Users\U67122\.jenkins\plugins\maven-plugin\WEB-INF\lib\maven35-interceptor-1.12.jar C:\Users\U67122\.jenkins\plugins\maven-plugin\WEB-INF\lib\maven3-interceptor-commons-1.12.jar 62438"/>
    <property name="Path" value="C:\Program Files\Java\jdk1.8.0_144/bin;C:\Program Files\Common Files\Microsoft Shared\Microsoft Online Services;C:\Program Files (x86)\Common Files\Microsoft Shared\Microsoft Online Services;C:\ProgramData\Oracle\Java\javapath;C:\Windows\system32;C:\Windows;C:\Windows\System32\Wbem;C:\Windows\System32\WindowsPowerShell\v1.0\;C:\Program Files (x86)\PuTTY\;C:\Windows\CCM;C:\Users\U67122\AppData\Local\Microsoft\WindowsApps;"/>
    <property name="java.vm.specification.name" value="Java Virtual Machine Specification"/>
    <property name="PROCESSOR_ARCHITECTURE" value="AMD64"/>
    <property name="PATH+JDK" value="C:\Program Files\Java\jdk1.8.0_144/bin"/>
    <property name="PROCESSOR_IDENTIFIER" value="Intel64 Family 6 Model 94 Stepping 3, GenuineIntel"/>
    <property name="SESSIONNAME" value="Console"/>
    <property name="java.vm.specification.version" value="1.8"/>
    <property name="sun.os.patch.level" value=""/>
    <property name="sun.cpu.endian" value="little"/>
    <property name="M2_HOME" value="C:\Users\U67122\Jenkins\apache-maven-3.6.0"/>
    <property name="java.io.tmpdir" value="C:\Users\U67122\AppData\Local\Temp\"/>
    <property name="OS" value="Windows_NT"/>
    <property name="HUDSON_HOME" value="C:\Users\U67122\.jenkins"/>
    <property name="PATH+MAVEN" value="C:\Users\U67122\Jenkins\apache-maven-3.6.0/bin"/>
    <property name="ProgramFiles(x86)" value="C:\Program Files (x86)"/>
    <property name="BUILD_URL" value="http://localhost:8080/job/StartZoom/12/"/>
    <property name="java.vendor.url.bug" value="http://bugreport.sun.com/bugreport/"/>
    <property name="SNOW_INVENTORY_HOME" value="C:\Program Files\INVENTORYCLIENT\"/>
    <property name="java.awt.graphicsenv" value="sun.awt.Win32GraphicsEnvironment"/>
    <property name="os.arch" value="amd64"/>
    <property name="SystemRoot" value="C:\Windows"/>
    <property name="java.ext.dirs" value="C:\Program Files\Java\jdk1.8.0_144\jre\lib\ext;C:\Windows\Sun\Java\lib\ext"/>
    <property name="user.dir" value="C:\Users\U67122\Jenkins\start.zoom"/>
    <property name="JOB_URL" value="http://localhost:8080/job/StartZoom/"/>
    <property name="LOGONSERVER" value="\\TRVDCPW002"/>
    <property name="USERDOMAIN" value="USTR"/>
    <property name="line.separator" value="
"/>
    <property name="MAVEN_HOME" value="C:\Users\U67122\Jenkins\apache-maven-3.6.0"/>
    <property name="java.vm.name" value="Java HotSpot(TM) 64-Bit Server VM"/>
    <property name="BUILD_NUMBER" value="12"/>
    <property name="JENKINS_URL" value="http://localhost:8080/"/>
    <property name="PROCESSOR_REVISION" value="5e03"/>
    <property name="UATDATA" value="C:\Windows\CCM\UATData\D9F8C395-CAB8-491d-B8AC-179A1FE1BE77"/>
    <property name="ProgramW6432" value="C:\Program Files"/>
    <property name="windir" value="C:\Windows"/>
    <property name="=C:" value="C:\Users\U67122\Jenkins"/>
    <property name="file.encoding" value="Cp1252"/>
    <property name="SystemDrive" value="C:"/>
    <property name="maven3.interceptor" value="C:\Users\U67122\.jenkins\plugins\maven-plugin\WEB-INF\lib\maven35-interceptor-1.12.jar"/>
    <property name="WORKSPACE" value="C:\Users\U67122\.jenkins\workspace\StartZoom"/>
    <property name="maven3.interceptor.common" value="C:\Users\U67122\.jenkins\plugins\maven-plugin\WEB-INF\lib\maven3-interceptor-commons-1.12.jar"/>
    <property name="java.specification.version" value="1.8"/>
    <property name="PSModulePath" value="C:\Program Files\WindowsPowerShell\Modules;C:\Windows\system32\WindowsPowerShell\v1.0\Modules"/>
  </properties>
  <testcase classname="start.zoom.TestApp" name="test2" time="55.995">
    <error message="Element cannot be found (WARNING: The server did not provide any stacktrace information)
Command duration or timeout: 0 milliseconds
For documentation on this error, please visit: https://www.seleniumhq.org/exceptions/no_such_element.html
Build info: version: &apos;3.141.59&apos;, revision: &apos;e82be7d358&apos;, time: &apos;2018-11-14T08:17:03&apos;
System info: host: &apos;C414DMAA&apos;, ip: &apos;10.32.196.19&apos;, os.name: &apos;Windows 10&apos;, os.arch: &apos;amd64&apos;, os.version: &apos;10.0&apos;, java.version: &apos;1.8.0_144&apos;
Driver info: org.openqa.selenium.winium.WiniumDriver
Capabilities {app: C:\Users\U67122\AppData\Roa..., args: , debugConnectToRunningApp: false, innerPort: 9998, javascriptEnabled: true, keyboardSimulator: 1, launchDelay: 0, platform: ANY, platformName: ANY}
Session ID: AwesomeSession
*** Element info: {Using=name, value=Remote Control}" type="org.openqa.selenium.NoSuchElementException">org.openqa.selenium.NoSuchElementException: Element cannot be found (WARNING: The server did not provide any stacktrace information)
Command duration or timeout: 0 milliseconds
For documentation on this error, please visit: https://www.seleniumhq.org/exceptions/no_such_element.html
Build info: version: &apos;3.141.59&apos;, revision: &apos;e82be7d358&apos;, time: &apos;2018-11-14T08:17:03&apos;
System info: host: &apos;C414DMAA&apos;, ip: &apos;10.32.196.19&apos;, os.name: &apos;Windows 10&apos;, os.arch: &apos;amd64&apos;, os.version: &apos;10.0&apos;, java.version: &apos;1.8.0_144&apos;
Driver info: org.openqa.selenium.winium.WiniumDriver
Capabilities {app: C:\Users\U67122\AppData\Roa..., args: , debugConnectToRunningApp: false, innerPort: 9998, javascriptEnabled: true, keyboardSimulator: 1, launchDelay: 0, platform: ANY, platformName: ANY}
Session ID: AwesomeSession
*** Element info: {Using=name, value=Remote Control}
	at sun.reflect.NativeConstructorAccessorImpl.newInstance0(Native Method)
	at sun.reflect.NativeConstructorAccessorImpl.newInstance(NativeConstructorAccessorImpl.java:62)
	at sun.reflect.DelegatingConstructorAccessorImpl.newInstance(DelegatingConstructorAccessorImpl.java:45)
	at java.lang.reflect.Constructor.newInstance(Constructor.java:423)
	at org.openqa.selenium.remote.ErrorHandler.createThrowable(ErrorHandler.java:214)
	at org.openqa.selenium.remote.ErrorHandler.throwIfResponseFailed(ErrorHandler.java:166)
	at org.openqa.selenium.remote.http.JsonHttpResponseCodec.reconstructValue(JsonHttpResponseCodec.java:40)
	at org.openqa.selenium.remote.http.AbstractHttpResponseCodec.decode(AbstractHttpResponseCodec.java:80)
	at org.openqa.selenium.remote.http.AbstractHttpResponseCodec.decode(AbstractHttpResponseCodec.java:44)
	at org.openqa.selenium.remote.HttpCommandExecutor.execute(HttpCommandExecutor.java:158)
	at org.openqa.selenium.winium.WiniumDriverCommandExecutor.execute(WiniumDriverCommandExecutor.java:78)
	at org.openqa.selenium.remote.RemoteWebDriver.execute(RemoteWebDriver.java:552)
	at org.openqa.selenium.remote.RemoteWebDriver.findElement(RemoteWebDriver.java:323)
	at org.openqa.selenium.remote.RemoteWebDriver.findElementByName(RemoteWebDriver.java:404)
	at org.openqa.selenium.By$ByName.findElement(By.java:284)
	at org.openqa.selenium.remote.RemoteWebDriver.findElement(RemoteWebDriver.java:315)
	at start.zoom.TestApp.test2(TestApp.java:58)
	at sun.reflect.NativeMethodAccessorImpl.invoke0(Native Method)
	at sun.reflect.NativeMethodAccessorImpl.invoke(NativeMethodAccessorImpl.java:62)
	at sun.reflect.DelegatingMethodAccessorImpl.invoke(DelegatingMethodAccessorImpl.java:43)
	at java.lang.reflect.Method.invoke(Method.java:498)
	at org.junit.runners.model.FrameworkMethod$1.runReflectiveCall(FrameworkMethod.java:50)
	at org.junit.internal.runners.model.ReflectiveCallable.run(ReflectiveCallable.java:12)
	at org.junit.runners.model.FrameworkMethod.invokeExplosively(FrameworkMethod.java:47)
	at org.junit.internal.runners.statements.InvokeMethod.evaluate(InvokeMethod.java:17)
	at org.junit.runners.ParentRunner.runLeaf(ParentRunner.java:325)
	at org.junit.runners.BlockJUnit4ClassRunner.runChild(BlockJUnit4ClassRunner.java:78)
	at org.junit.runners.BlockJUnit4ClassRunner.runChild(BlockJUnit4ClassRunner.java:57)
	at org.junit.runners.ParentRunner$3.run(ParentRunner.java:290)
	at org.junit.runners.ParentRunner$1.schedule(ParentRunner.java:71)
	at org.junit.runners.ParentRunner.runChildren(ParentRunner.java:288)
	at org.junit.runners.ParentRunner.access$000(ParentRunner.java:58)
	at org.junit.runners.ParentRunner$2.evaluate(ParentRunner.java:268)
	at org.junit.runners.ParentRunner.run(ParentRunner.java:363)
	at org.apache.maven.surefire.junit4.JUnit4Provider.execute(JUnit4Provider.java:252)
	at org.apache.maven.surefire.junit4.JUnit4Provider.executeTestSet(JUnit4Provider.java:141)
	at org.apache.maven.surefire.junit4.JUnit4Provider.invoke(JUnit4Provider.java:112)
	at sun.reflect.NativeMethodAccessorImpl.invoke0(Native Method)
	at sun.reflect.NativeMethodAccessorImpl.invoke(NativeMethodAccessorImpl.java:62)
	at sun.reflect.DelegatingMethodAccessorImpl.invoke(DelegatingMethodAccessorImpl.java:43)
	at java.lang.reflect.Method.invoke(Method.java:498)
	at org.apache.maven.surefire.util.ReflectionUtils.invokeMethodWithArray(ReflectionUtils.java:189)
	at org.apache.maven.surefire.booter.ProviderFactory$ProviderProxy.invoke(ProviderFactory.java:165)
	at org.apache.maven.surefire.booter.ProviderFactory.invokeProvider(ProviderFactory.java:85)
	at org.apache.maven.surefire.booter.ForkedBooter.runSuitesInProcess(ForkedBooter.java:115)
	at org.apache.maven.surefire.booter.ForkedBooter.main(ForkedBooter.java:75)
</error>
    <system-err>Starting Windows Desktop Driver on port 9999

11:57:42 [DEBUG] Waiting for a connection...
11:57:43 [DEBUG] ACCEPTED REQUEST GET /status HTTP/1.1
11:57:43 [INFO] COMMAND status
{}
11:57:43 [DEBUG] RESPONSE:
OK: {
  &quot;sessionId&quot;: &quot;AwesomeSession&quot;,
  &quot;status&quot;: 0,
  &quot;value&quot;: {
    &quot;build&quot;: {
      &quot;version&quot;: &quot;1.2.0.0&quot;
    },
    &quot;os&quot;: {
      &quot;arch&quot;: &quot;x64&quot;,
      &quot;name&quot;: &quot;windows&quot;,
      &quot;version&quot;: &quot;Microsoft Windows NT 6.2.9200.0&quot;
    }
  }
}
11:57:43 [DEBUG] Client closed

11:57:43 [DEBUG] Waiting for a connection...
11:57:43 [DEBUG] ACCEPTED REQUEST POST /session HTTP/1.1
11:57:43 [INFO] COMMAND newSession
{
  &quot;desiredCapabilities&quot;: {
    &quot;app&quot;: &quot;C:\\Users\\U67122\\AppData\\Roaming\\Zoom\\bin\\Zoom.exe&quot;
  },
  &quot;capabilities&quot;: {
    &quot;firstMatch&quot;: [
      {}
    ]
  }
}
11:57:44 [DEBUG] Current keyboard simulator: BasedOnInputSimulatorLib
11:57:44 [DEBUG] RESPONSE:
OK: {
  &quot;sessionId&quot;: &quot;AwesomeSession&quot;,
  &quot;status&quot;: 0,
  &quot;value&quot;: {
    &quot;app&quot;: &quot;C:\\Users\\U67122\\AppData\\Roaming\\Zoom\\bin\\Zoom.exe&quot;,
    &quot;args&quot;: &quot;&quot;,
    &quot;debugConnectToRunningApp&quot;: false,
    &quot;innerPort&quot;: 9998,
    &quot;keyboardSimulator&quot;: 1,
    &quot;launchDelay&quot;: 0
  }
}
11:57:44 [DEBUG] Client closed

11:57:44 [DEBUG] Waiting for a connection...
Apr 08, 2019 11:57:44 AM org.openqa.selenium.remote.ProtocolHandshake createSession
INFO: Detected dialect: OSS
11:57:49 [DEBUG] ACCEPTED REQUEST POST /session/AwesomeSession/element HTTP/1.1
11:57:49 [INFO] COMMAND findElement
{
  &quot;using&quot;: &quot;name&quot;,
  &quot;value&quot;: &quot;meeting topicDaily Team Metting; Meeting ID: 261-060-6471; &quot;,
  &quot;SESSIONID&quot;: &quot;AwesomeSession&quot;
}
11:57:49 [DEBUG] RESPONSE:
OK: {
  &quot;sessionId&quot;: &quot;AwesomeSession&quot;,
  &quot;status&quot;: 0,
  &quot;value&quot;: {
    &quot;ELEMENT&quot;: &quot;528931932-1&quot;
  }
}
11:57:49 [DEBUG] Client closed

11:57:49 [DEBUG] Waiting for a connection...
11:57:49 [DEBUG] ACCEPTED REQUEST POST /session/AwesomeSession/element/528931932-1/click HTTP/1.1
11:57:49 [INFO] COMMAND clickElement
{
  &quot;id&quot;: &quot;528931932-1&quot;,
  &quot;SESSIONID&quot;: &quot;AwesomeSession&quot;,
  &quot;ID&quot;: &quot;528931932-1&quot;
}
11:57:49 [DEBUG] Element &apos;type: ControlType.ListItem, name: meeting topicDaily Team Metting; Meeting ID: 261-060-6471; &apos; not have ClickablePoint
11:57:50 [INFO] Click on &apos;type: ControlType.ListItem, name: meeting topicDaily Team Metting; Meeting ID: 261-060-6471; &apos; element at (981.5, 365) BoundingRectangle center
11:57:50 [DEBUG] RESPONSE:
OK: {
  &quot;sessionId&quot;: &quot;AwesomeSession&quot;,
  &quot;status&quot;: 0,
  &quot;value&quot;: null
}
11:57:50 [DEBUG] Client closed

11:57:50 [DEBUG] Waiting for a connection...
11:57:50 [DEBUG] ACCEPTED REQUEST POST /session/AwesomeSession/element HTTP/1.1
11:57:50 [INFO] COMMAND findElement
{
  &quot;using&quot;: &quot;name&quot;,
  &quot;value&quot;: &quot;start meeting&quot;,
  &quot;SESSIONID&quot;: &quot;AwesomeSession&quot;
}
11:57:50 [DEBUG] RESPONSE:
OK: {
  &quot;sessionId&quot;: &quot;AwesomeSession&quot;,
  &quot;status&quot;: 0,
  &quot;value&quot;: {
    &quot;ELEMENT&quot;: &quot;-63511838-2&quot;
  }
}
11:57:50 [DEBUG] Client closed

11:57:50 [DEBUG] Waiting for a connection...
11:57:50 [DEBUG] ACCEPTED REQUEST POST /session/AwesomeSession/element/-63511838-2/click HTTP/1.1
11:57:50 [INFO] COMMAND clickElement
{
  &quot;id&quot;: &quot;-63511838-2&quot;,
  &quot;SESSIONID&quot;: &quot;AwesomeSession&quot;,
  &quot;ID&quot;: &quot;-63511838-2&quot;
}
11:57:50 [DEBUG] Element &apos;type: ControlType.Button, name: start meeting&apos; not have ClickablePoint
11:57:51 [INFO] Click on &apos;type: ControlType.Button, name: start meeting&apos; element at (1105, 346) BoundingRectangle center
11:57:51 [DEBUG] RESPONSE:
OK: {
  &quot;sessionId&quot;: &quot;AwesomeSession&quot;,
  &quot;status&quot;: 0,
  &quot;value&quot;: null
}
11:57:51 [DEBUG] Client closed

11:57:51 [DEBUG] Waiting for a connection...
11:58:01 [DEBUG] ACCEPTED REQUEST POST /session/AwesomeSession/element HTTP/1.1
11:58:01 [INFO] COMMAND findElement
{
  &quot;using&quot;: &quot;name&quot;,
  &quot;value&quot;: &quot;Share&quot;,
  &quot;SESSIONID&quot;: &quot;AwesomeSession&quot;
}
11:58:01 [DEBUG] RESPONSE:
OK: {
  &quot;sessionId&quot;: &quot;AwesomeSession&quot;,
  &quot;status&quot;: 0,
  &quot;value&quot;: {
    &quot;ELEMENT&quot;: &quot;21504735-3&quot;
  }
}
11:58:01 [DEBUG] Client closed

11:58:01 [DEBUG] Waiting for a connection...
11:58:01 [DEBUG] ACCEPTED REQUEST POST /session/AwesomeSession/element/21504735-3/click HTTP/1.1
11:58:01 [INFO] COMMAND clickElement
{
  &quot;id&quot;: &quot;21504735-3&quot;,
  &quot;SESSIONID&quot;: &quot;AwesomeSession&quot;,
  &quot;ID&quot;: &quot;21504735-3&quot;
}
11:58:01 [DEBUG] Element &apos;type: ControlType.Button, name: Share&apos; not have ClickablePoint
11:58:02 [INFO] Click on &apos;type: ControlType.Button, name: Share&apos; element at (554, 928.5) BoundingRectangle center
11:58:02 [DEBUG] RESPONSE:
OK: {
  &quot;sessionId&quot;: &quot;AwesomeSession&quot;,
  &quot;status&quot;: 0,
  &quot;value&quot;: null
}
11:58:02 [DEBUG] Client closed

11:58:02 [DEBUG] Waiting for a connection...
11:58:02 [DEBUG] ACCEPTED REQUEST POST /session/AwesomeSession/element HTTP/1.1
11:58:02 [INFO] COMMAND findElement
{
  &quot;using&quot;: &quot;name&quot;,
  &quot;value&quot;: &quot;Share Screen&quot;,
  &quot;SESSIONID&quot;: &quot;AwesomeSession&quot;
}
11:58:02 [DEBUG] RESPONSE:
OK: {
  &quot;sessionId&quot;: &quot;AwesomeSession&quot;,
  &quot;status&quot;: 0,
  &quot;value&quot;: {
    &quot;ELEMENT&quot;: &quot;9480791-4&quot;
  }
}
11:58:02 [DEBUG] Client closed

11:58:02 [DEBUG] Waiting for a connection...
11:58:02 [DEBUG] ACCEPTED REQUEST POST /session/AwesomeSession/element/9480791-4/click HTTP/1.1
11:58:02 [INFO] COMMAND clickElement
{
  &quot;id&quot;: &quot;9480791-4&quot;,
  &quot;SESSIONID&quot;: &quot;AwesomeSession&quot;,
  &quot;ID&quot;: &quot;9480791-4&quot;
}
11:58:02 [DEBUG] Element &apos;type: ControlType.Button, name: Share Screen&apos; not have ClickablePoint
11:58:02 [INFO] Click on &apos;type: ControlType.Button, name: Share Screen&apos; element at (964, 780) BoundingRectangle center
11:58:15 [DEBUG] RESPONSE:
OK: {
  &quot;sessionId&quot;: &quot;AwesomeSession&quot;,
  &quot;status&quot;: 0,
  &quot;value&quot;: null
}
11:58:15 [DEBUG] Client closed

11:58:15 [DEBUG] Waiting for a connection...
11:58:25 [DEBUG] ACCEPTED REQUEST POST /session/AwesomeSession/element HTTP/1.1
11:58:25 [INFO] COMMAND findElement
{
  &quot;using&quot;: &quot;name&quot;,
  &quot;value&quot;: &quot;Meeting Controls&quot;,
  &quot;SESSIONID&quot;: &quot;AwesomeSession&quot;
}
11:58:25 [DEBUG] RESPONSE:
OK: {
  &quot;sessionId&quot;: &quot;AwesomeSession&quot;,
  &quot;status&quot;: 0,
  &quot;value&quot;: {
    &quot;ELEMENT&quot;: &quot;19989420-5&quot;
  }
}
11:58:25 [DEBUG] Client closed

11:58:25 [DEBUG] Waiting for a connection...
11:58:25 [DEBUG] ACCEPTED REQUEST POST /session/AwesomeSession/element/19989420-5/click HTTP/1.1
11:58:25 [INFO] COMMAND clickElement
{
  &quot;id&quot;: &quot;19989420-5&quot;,
  &quot;SESSIONID&quot;: &quot;AwesomeSession&quot;,
  &quot;ID&quot;: &quot;19989420-5&quot;
}
11:58:25 [INFO] Click on &apos;type: ControlType.Window, name: Meeting Controls&apos; element at (903.5, 32) ClickablePoint
11:58:25 [DEBUG] RESPONSE:
OK: {
  &quot;sessionId&quot;: &quot;AwesomeSession&quot;,
  &quot;status&quot;: 0,
  &quot;value&quot;: null
}
11:58:25 [DEBUG] Client closed

11:58:25 [DEBUG] Waiting for a connection...
11:58:27 [DEBUG] ACCEPTED REQUEST POST /session/AwesomeSession/element HTTP/1.1
11:58:27 [INFO] COMMAND findElement
{
  &quot;using&quot;: &quot;name&quot;,
  &quot;value&quot;: &quot;Remote Control&quot;,
  &quot;SESSIONID&quot;: &quot;AwesomeSession&quot;
}
11:58:38 [INFO] Element &apos;Name: Remote Control&apos; not found
11:58:38 [DEBUG] RESPONSE:
OK: {
  &quot;sessionId&quot;: &quot;AwesomeSession&quot;,
  &quot;status&quot;: 7,
  &quot;value&quot;: {
    &quot;error&quot;: &quot;no such element&quot;,
    &quot;stacktrace&quot;: &quot;   at Winium.Desktop.Driver.CommandExecutors.FindElementExecutor.DoImpl()\r\n   at Winium.Desktop.Driver.CommandExecutors.CommandExecutorBase.Do()&quot;,
    &quot;message&quot;: &quot;Element cannot be found&quot;
  }
}
11:58:38 [DEBUG] Client closed

11:58:38 [DEBUG] Waiting for a connection...
</system-err>
  </testcase>
</testsuite>